2022-01-11 11:08:45 Version 31
2022-01-11 11:08:45 /Applications/CocosCreator/Creator/3.4.0/CocosCreator.app/Contents/Resources/tools/lightmap-tools/LightFX http://127.0.0.1:8000 
2022-01-11 11:08:45 Load Texture '/Users/tester/Documents/CocosProjects/Klett Tajanstvene Sobe/assets/3D/MedivalVillage/ManualTexture/Medieval_Obj_Blue.jpg' failed
2022-01-11 11:08:45 Load Texture '/Users/tester/Documents/CocosProjects/Klett Tajanstvene Sobe/assets/3D/MedivalVillage/ManualTexture/Medieval_Obj.jpg' failed
2022-01-11 11:08:45 Load Texture '/Users/tester/Documents/CocosProjects/Klett Tajanstvene Sobe/assets/3D/MedivalVillage/ManualTexture/Medieval_Obj.jpg' failed
2022-01-11 11:08:45 Load Texture '/Users/tester/Documents/CocosProjects/Klett Tajanstvene Sobe/assets/3D/MedivalVillage/ManualTexture/Medieval.jpg' failed
2022-01-11 11:08:45 Load Texture '/Users/tester/Documents/CocosProjects/Klett Tajanstvene Sobe/assets/3D/MedivalVillage/ManualTexture/Medieval_Obj.jpg' failed
2022-01-11 11:08:45 Load Texture '/Users/tester/Documents/CocosProjects/Klett Tajanstvene Sobe/assets/3D/MedivalVillage/ManualTexture/Medieval_Obj_Yellow.jpg' failed
2022-01-11 11:08:45 Load Texture '/Users/tester/Documents/CocosProjects/Klett Tajanstvene Sobe/assets/3D/MedivalVillage/ManualTexture/Medieval_Obj.jpg' failed
2022-01-11 11:08:45 Load Texture '/Users/tester/Documents/CocosProjects/Klett Tajanstvene Sobe/assets/3D/MedivalVillage/ManualTexture/Medieval.jpg' failed
2022-01-11 11:08:45 Load Texture '/Users/tester/Documents/CocosProjects/Klett Tajanstvene Sobe/assets/3D/MedivalVillage/ManualTexture/Medieval_Obj.jpg' failed
2022-01-11 11:08:45 Load Texture '/Users/tester/Documents/CocosProjects/Klett Tajanstvene Sobe/assets/3D/MedivalVillage/ManualTexture/Medieval.jpg' failed
2022-01-11 11:08:45 Load Texture '/Users/tester/Documents/CocosProjects/Klett Tajanstvene Sobe/assets/3D/MedivalVillage/ManualTexture/Medieval_Obj.jpg' failed
2022-01-11 11:08:45 Load Texture '/Users/tester/Documents/CocosProjects/Klett Tajanstvene Sobe/assets/3D/MedivalVillage/ManualTexture/Medieval.jpg' failed
2022-01-11 11:08:45 Load Texture '/Users/tester/Documents/CocosProjects/Klett Tajanstvene Sobe/assets/3D/MedivalVillage/ManualTexture/Medieval.jpg' failed
2022-01-11 11:08:45 Load Texture '/Users/tester/Documents/CocosProjects/Klett Tajanstvene Sobe/assets/3D/MedivalVillage/ManualTexture/Medieval_Obj.jpg' failed
2022-01-11 11:08:45 Load Texture '/Users/tester/Documents/CocosProjects/Klett Tajanstvene Sobe/assets/3D/MedivalVillage/ManualTexture/Medieval_Obj.jpg' failed
2022-01-11 11:08:45 Load Texture '/Users/tester/Documents/CocosProjects/Klett Tajanstvene Sobe/assets/3D/MedivalVillage/ManualTexture/Medieval.jpg' failed
2022-01-11 11:08:45 Load Texture '/Users/tester/Documents/CocosProjects/Klett Tajanstvene Sobe/assets/3D/MedivalVillage/ManualTexture/Medieval_Obj_Yellow.jpg' failed
2022-01-11 11:08:45 Load Texture '/Users/tester/Documents/CocosProjects/Klett Tajanstvene Sobe/library/83/83df3366-b8d7-4fec-af7a-4c0556d3eec2@30d86.jpg' failed
2022-01-11 11:08:45 Load Texture '/Users/tester/Documents/CocosProjects/Klett Tajanstvene Sobe/assets/3D/MedivalVillage/ManualTexture/Medieval_Obj.jpg' failed
2022-01-11 11:08:45 -:Building meshes
2022-01-11 11:08:45 -:Building terrain
2022-01-11 11:08:45 -:Building scene
2022-01-11 11:08:46 Start 0

2022-01-11 11:08:46 Build lighting 6

2022-01-11 11:12:24 Build lighting 13

2022-01-11 11:16:01 Build lighting 20

2022-01-11 11:19:54 Build lighting 26

2022-01-11 11:23:26 Build lighting 33

2022-01-11 11:26:24 Build lighting 40

2022-01-11 11:29:15 Build lighting 46

2022-01-11 11:32:14 Build lighting 53

2022-01-11 11:35:17 Build lighting 60

2022-01-11 11:38:28 Build lighting 66

2022-01-11 11:42:08 Build lighting 73

2022-01-11 11:45:19 Build lighting 80

2022-01-11 11:48:13 Build lighting 86

2022-01-11 11:51:43 Build lighting 93

2022-01-11 11:54:36 Build lighting 100

2022-01-11 11:54:36 Save world...
2022-01-11 11:54:36 Writing lfx file 'output/lfx.o'
2022-01-11 11:54:36 Pack mesh 0
2022-01-11 11:54:36 Pack mesh 1
2022-01-11 11:54:36 Pack mesh 2
2022-01-11 11:54:36 Pack mesh 3
2022-01-11 11:54:36 Pack mesh 4
2022-01-11 11:54:36 Pack mesh 5
2022-01-11 11:54:36 Pack mesh 6
2022-01-11 11:54:36 Pack mesh 7
2022-01-11 11:54:36 Pack mesh 8
2022-01-11 11:54:36 Pack mesh 9
2022-01-11 11:54:36 Pack mesh 10
2022-01-11 11:54:36 Pack mesh 11
2022-01-11 11:54:36 Pack mesh 12
2022-01-11 11:54:36 Pack mesh 13
2022-01-11 11:54:36 Save lighting map output/LFX_Mesh_0000.png
2022-01-11 11:54:36 Writing lfx file end.
2022-01-11 11:54:36 Save world end.
2022-01-11 11:54:36 Clear world...
2022-01-11 11:54:36 Clear world end.
2022-01-11 11:54:36 Emit finished
2022-01-11 11:54:36 Delete world
2022-01-11 11:54:36 Wait to stop
